{"C:\\Users\\xiaoming\\Desktop\\testing\\src\\main.js":{"path":"C:\\Users\\xiaoming\\Desktop\\testing\\src\\main.js","s":{"1":1,"2":1,"3":1,"4":2,"5":2,"6":1,"7":1,"8":3,"9":1,"10":2,"11":1,"12":1},"b":{"1":[1,2],"2":[1,1]},"f":{"1":1},"fnMap":{"1":{"name":"min","line":1,"loc":{"start":{"line":1,"column":0},"end":{"line":1,"column":17}}}},"statementMap":{"1":{"start":{"line":1,"column":0},"end":{"line":3,"column":1}},"2":{"start":{"line":2,"column":4},"end":{"line":2,"column":15}},"3":{"start":{"line":4,"column":0},"end":{"line":24,"column":1}},"4":{"start":{"line":6,"column":8},"end":{"line":8,"column":10}},"5":{"start":{"line":7,"column":12},"end":{"line":7,"column":29}},"6":{"start":{"line":11,"column":8},"end":{"line":13,"column":10}},"7":{"start":{"line":12,"column":12},"end":{"line":12,"column":29}},"8":{"start":{"line":16,"column":8},"end":{"line":22,"column":9}},"9":{"start":{"line":17,"column":12},"end":{"line":17,"column":21}},"10":{"start":{"line":18,"column":14},"end":{"line":22,"column":9}},"11":{"start":{"line":19,"column":12},"end":{"line":19,"column":21}},"12":{"start":{"line":21,"column":12},"end":{"line":21,"column":28}}},"branchMap":{"1":{"line":16,"type":"if","locations":[{"start":{"line":16,"column":8},"end":{"line":16,"column":8}},{"start":{"line":16,"column":8},"end":{"line":16,"column":8}}]},"2":{"line":18,"type":"if","locations":[{"start":{"line":18,"column":14},"end":{"line":18,"column":14}},{"start":{"line":18,"column":14},"end":{"line":18,"column":14}}]}}}}